<?xml version='1.0' encoding='UTF-8'?>
<testsuite hostname="mons-macbook.local" name="GenSpec" tests="7" errors="0" failures="0" skipped="0" time="0.027" timestamp="2023-12-18T20:59:43">
          <properties>
      <property name="java.specification.version" value="16"/><property name="sun.jnu.encoding" value="UTF-8"/><property name="sun.arch.data.model" value="64"/><property name="java.vendor.url" value="https://java.oracle.com/"/><property name="sun.boot.library.path" value="/Users/monicamcguigan/Library/Java/JavaVirtualMachines/openjdk-16.0.2/Contents/Home/lib"/><property name="sun.java.command" value="/Users/monicamcguigan/.sdkman/candidates/sbt/1.3.13/bin/sbt-launch.jar"/><property name="jdk.debug" value="release"/><property name="java.specification.vendor" value="Oracle Corporation"/><property name="java.version.date" value="2021-07-20"/><property name="java.home" value="/Users/monicamcguigan/Library/Java/JavaVirtualMachines/openjdk-16.0.2/Contents/Home"/><property name="file.separator" value="/"/><property name="java.vm.compressedOopsMode" value="Zero based"/><property name="line.separator" value="
"/><property name="java.vm.specification.vendor" value="Oracle Corporation"/><property name="java.specification.name" value="Java Platform API Specification"/><property name="sun.management.compiler" value="HotSpot 64-Bit Tiered Compilers"/><property name="java.runtime.version" value="16.0.2+7-67"/><property name="user.name" value="monicamcguigan"/><property name="log4j.ignoreTCL" value="true"/><property name="file.encoding" value="UTF-8"/><property name="jnidispatch.path" value="/Users/monicamcguigan/Library/Caches/JNA/temp/jna7717473769210020406.tmp"/><property name="jna.loaded" value="true"/><property name="java.io.tmpdir" value="/var/folders/69/rwdly64d4dd9fklv41q96vnc0000gn/T/"/><property name="java.version" value="16.0.2"/><property name="java.vm.specification.name" value="Java Virtual Machine Specification"/><property name="java.library.path" value="/Users/monicamcguigan/Library/Java/Extensions:/Library/Java/Extensions:/Network/Library/Java/Extensions:/System/Library/Java/Extensions:/usr/lib/java:."/><property name="java.vendor" value="Oracle Corporation"/><property name="scala.ext.dirs" value="/Users/monicamcguigan/.sbt/0.13/java9-rt-ext-oracle_corporation_16_0_2"/><property name="sun.io.unicode.encoding" value="UnicodeBig"/><property name="socksNonProxyHosts" value="local|*.local|169.254/16|*.169.254/16"/><property name="java.class.path" value="/Users/monicamcguigan/.sdkman/candidates/sbt/1.3.13/bin/sbt-launch.jar"/><property name="java.vm.vendor" value="Oracle Corporation"/><property name="jline.shutdownhook" value="false"/><property name="user.timezone" value="Europe/London"/><property name="java.vm.specification.version" value="16"/><property name="os.name" value="Mac OS X"/><property name="sun.java.launcher" value="SUN_STANDARD"/><property name="user.country" value="GB"/><property name="http.nonProxyHosts" value="local|*.local|169.254/16|*.169.254/16"/><property name="sun.cpu.endian" value="little"/><property name="user.home" value="/Users/monicamcguigan"/><property name="user.language" value="en"/><property name="sbt.ipcsocket.tmpdir" value="/var/folders/69/rwdly64d4dd9fklv41q96vnc0000gn/T/.sbtbcc51c4f/ipcsocket"/><property name="swoval.tmpdir" value="/var/folders/69/rwdly64d4dd9fklv41q96vnc0000gn/T/.sbtbcc51c4f/swoval"/><property name="jline.esc.timeout" value="0"/><property name="ftp.nonProxyHosts" value="local|*.local|169.254/16|*.169.254/16"/><property name="path.separator" value=":"/><property name="os.version" value="11.1"/><property name="jna.nosys" value="true"/><property name="java.runtime.name" value="OpenJDK Runtime Environment"/><property name="java.vm.name" value="OpenJDK 64-Bit Server VM"/><property name="jna.platform.library.path" value="/usr/lib:/usr/lib"/><property name="java.vendor.url.bug" value="https://bugreport.java.com/bugreport/"/><property name="user.dir" value="/Users/monicamcguigan/projects/pbt-study"/><property name="os.arch" value="x86_64"/><property name="java.vm.info" value="mixed mode, sharing"/><property name="java.vm.version" value="16.0.2+7-67"/><property name="java.class.version" value="60.0"/>
    </properties>
          <testcase classname="GenSpec" name="between" time="0.021">
                      
                    </testcase><testcase classname="GenSpec" name="lowercase" time="0.0">
                      
                    </testcase><testcase classname="GenSpec" name="uppercase" time="0.001">
                      
                    </testcase><testcase classname="GenSpec" name="lower and upper case" time="0.001">
                      
                    </testcase><testcase classname="GenSpec" name="list of length" time="0.001">
                      
                    </testcase><testcase classname="GenSpec" name="list" time="0.001">
                      
                    </testcase><testcase classname="GenSpec" name="user" time="0.002">
                      
                    </testcase>
          <system-out><![CDATA[]]></system-out>
          <system-err><![CDATA[]]></system-err>
        </testsuite>